# JRE version: OpenJDK Runtime Environment (21.0.9) (build 21.0.9+-14787801-b1163.94)
# Java VM: OpenJDK 64-Bit Server VM (21.0.9+-14787801-b1163.94, mixed mode, tiered, compressed oops, compressed class ptrs, g1 gc, windows-amd64)
GC Precious Log:
 CardTable entry size: 512
 Card Set container configuration: InlinePtr #cards 4 size 8 Array Of Cards #cards 32 size 80 Howl #buckets 8 coarsen threshold 7372 Howl Bitmap #cards 1024 size 144 coarsen threshold 921 Card regions per heap region 1 cards per card region 8192
 CPUs: 8 total, 8 available
 Memory: 7885M
 Large Page Support: Disabled
 NUMA Support: Disabled
 Compressed Oops: Enabled (Zero based)
 Heap Region Size: 4M
 Heap Min Capacity: 8M
 Heap Initial Capacity: 124M
 Heap Max Capacity: 8G
 Pre-touch: Disabled
 Parallel Workers: 8
 Concurrent Workers: 2
 Concurrent Refinement Workers: 8
 Periodic GC: Disabled
Heap:
 garbage-first heap   total 90112K, used 56235K [0x0000000600000000, 0x0000000800000000)
  region size 4096K, 8 young (32768K), 2 survivors (8192K)
 Metaspace       used 54556K, committed 56000K, reserved 1114112K
  class space    used 7574K, committed 8256K, reserved 1048576K
GC Heap History (20 events):
Event: 2.867 GC heap before
{Heap before GC invocations=2 (full 0):
 garbage-first heap   total 126976K, used 77306K [0x0000000600000000, 0x0000000800000000)
  region size 4096K, 18 young (73728K), 2 survivors (8192K)
 Metaspace       used 12618K, committed 12736K, reserved 1114112K
  class space    used 1374K, committed 1408K, reserved 1048576K
}
Event: 2.880 GC heap after
{Heap after GC invocations=3 (full 0):
 garbage-first heap   total 126976K, used 12284K [0x0000000600000000, 0x0000000800000000)
  region size 4096K, 1 young (4096K), 1 survivors (4096K)
 Metaspace       used 12618K, committed 12736K, reserved 1114112K
  class space    used 1374K, committed 1408K, reserved 1048576K
}
Event: 5.296 GC heap before
{Heap before GC invocations=3 (full 0):
 garbage-first heap   total 126976K, used 81916K [0x0000000600000000, 0x0000000800000000)
  region size 4096K, 18 young (73728K), 1 survivors (4096K)
 Metaspace       used 19255K, committed 19520K, reserved 1114112K
  class space    used 2235K, committed 2368K, reserved 1048576K
}
Event: 5.306 GC heap after
{Heap after GC invocations=4 (full 0):
 garbage-first heap   total 126976K, used 19698K [0x0000000600000000, 0x0000000800000000)
  region size 4096K, 3 young (12288K), 3 survivors (12288K)
 Metaspace       used 19255K, committed 19520K, reserved 1114112K
  class space    used 2235K, committed 2368K, reserved 1048576K
}
Event: 5.778 GC heap before
{Heap before GC invocations=4 (full 0):
 garbage-first heap   total 126976K, used 27890K [0x0000000600000000, 0x0000000800000000)
  region size 4096K, 6 young (24576K), 3 survivors (12288K)
 Metaspace       used 21203K, committed 21504K, reserved 1114112K
  class space    used 2515K, committed 2688K, reserved 1048576K
}
Event: 5.786 GC heap after
{Heap after GC invocations=5 (full 0):
 garbage-first heap   total 126976K, used 20800K [0x0000000600000000, 0x0000000800000000)
  region size 4096K, 1 young (4096K), 1 survivors (4096K)
 Metaspace       used 21203K, committed 21504K, reserved 1114112K
  class space    used 2515K, committed 2688K, reserved 1048576K
}
Event: 8.013 GC heap before
{Heap before GC invocations=6 (full 0):
 garbage-first heap   total 81920K, used 78144K [0x0000000600000000, 0x0000000800000000)
  region size 4096K, 15 young (61440K), 1 survivors (4096K)
 Metaspace       used 30238K, committed 30848K, reserved 1114112K
  class space    used 3992K, committed 4288K, reserved 1048576K
}
Event: 8.018 GC heap after
{Heap after GC invocations=7 (full 0):
 garbage-first heap   total 90112K, used 23832K [0x0000000600000000, 0x0000000800000000)
  region size 4096K, 2 young (8192K), 2 survivors (8192K)
 Metaspace       used 30238K, committed 30848K, reserved 1114112K
  class space    used 3992K, committed 4288K, reserved 1048576K
}
Event: 9.635 GC heap before
{Heap before GC invocations=7 (full 0):
 garbage-first heap   total 90112K, used 60696K [0x0000000600000000, 0x0000000800000000)
  region size 4096K, 12 young (49152K), 2 survivors (8192K)
 Metaspace       used 35181K, committed 35968K, reserved 1114112K
  class space    used 4818K, committed 5184K, reserved 1048576K
}
Event: 9.644 GC heap after
{Heap after GC invocations=8 (full 0):
 garbage-first heap   total 90112K, used 26267K [0x0000000600000000, 0x0000000800000000)
  region size 4096K, 2 young (8192K), 2 survivors (8192K)
 Metaspace       used 35181K, committed 35968K, reserved 1114112K
  class space    used 4818K, committed 5184K, reserved 1048576K
}
Event: 9.714 GC heap before
{Heap before GC invocations=8 (full 0):
 garbage-first heap   total 90112K, used 26267K [0x0000000600000000, 0x0000000800000000)
  region size 4096K, 3 young (12288K), 2 survivors (8192K)
 Metaspace       used 35486K, committed 36288K, reserved 1114112K
  class space    used 4869K, committed 5248K, reserved 1048576K
}
Event: 9.722 GC heap after
{Heap after GC invocations=9 (full 0):
 garbage-first heap   total 90112K, used 26014K [0x0000000600000000, 0x0000000800000000)
  region size 4096K, 1 young (4096K), 1 survivors (4096K)
 Metaspace       used 35486K, committed 36288K, reserved 1114112K
  class space    used 4869K, committed 5248K, reserved 1048576K
}
Event: 11.452 GC heap before
{Heap before GC invocations=10 (full 0):
 garbage-first heap   total 90112K, used 71070K [0x0000000600000000, 0x0000000800000000)
  region size 4096K, 13 young (53248K), 1 survivors (4096K)
 Metaspace       used 42905K, committed 43776K, reserved 1114112K
  class space    used 5754K, committed 6144K, reserved 1048576K
}
Event: 11.460 GC heap after
{Heap after GC invocations=11 (full 0):
 garbage-first heap   total 90112K, used 31323K [0x0000000600000000, 0x0000000800000000)
  region size 4096K, 2 young (8192K), 2 survivors (8192K)
 Metaspace       used 42905K, committed 43776K, reserved 1114112K
  class space    used 5754K, committed 6144K, reserved 1048576K
}
Event: 12.120 GC heap before
{Heap before GC invocations=11 (full 0):
 garbage-first heap   total 90112K, used 76379K [0x0000000600000000, 0x0000000800000000)
  region size 4096K, 13 young (53248K), 2 survivors (8192K)
 Metaspace       used 45405K, committed 46400K, reserved 1114112K
  class space    used 6027K, committed 6528K, reserved 1048576K
}
Event: 12.128 GC heap after
{Heap after GC invocations=12 (full 0):
 garbage-first heap   total 90112K, used 31190K [0x0000000600000000, 0x0000000800000000)
  region size 4096K, 1 young (4096K), 1 survivors (4096K)
 Metaspace       used 45405K, committed 46400K, reserved 1114112K
  class space    used 6027K, committed 6528K, reserved 1048576K
}
Event: 13.534 GC heap before
{Heap before GC invocations=12 (full 0):
 garbage-first heap   total 90112K, used 72150K [0x0000000600000000, 0x0000000800000000)
  region size 4096K, 11 young (45056K), 1 survivors (4096K)
 Metaspace       used 50142K, committed 51456K, reserved 1114112K
  class space    used 6846K, committed 7488K, reserved 1048576K
}
Event: 13.542 GC heap after
{Heap after GC invocations=13 (full 0):
 garbage-first heap   total 90112K, used 34159K [0x0000000600000000, 0x0000000800000000)
  region size 4096K, 2 young (8192K), 2 survivors (8192K)
 Metaspace       used 50142K, committed 51456K, reserved 1114112K
  class space    used 6846K, committed 7488K, reserved 1048576K
}
Event: 15.028 GC heap before
{Heap before GC invocations=13 (full 0):
 garbage-first heap   total 90112K, used 66927K [0x0000000600000000, 0x0000000800000000)
  region size 4096K, 11 young (45056K), 2 survivors (8192K)
 Metaspace       used 53651K, committed 55104K, reserved 1114112K
  class space    used 7424K, committed 8128K, reserved 1048576K
}
Event: 15.034 GC heap after
{Heap after GC invocations=14 (full 0):
 garbage-first heap   total 90112K, used 35755K [0x0000000600000000, 0x0000000800000000)
  region size 4096K, 2 young (8192K), 2 survivors (8192K)
 Metaspace       used 53651K, committed 55104K, reserved 1114112K
  class space    used 7424K, committed 8128K, reserved 1048576K
}

